{
  message: 'Connected to MongoDB',
  level: 'info',
  label: 'UM',
  timestamp: '2023-06-18T03:16:12.041Z'
}
{
  message: 'server is listening on port 5000',
  level: 'info',
  label: 'UM',
  timestamp: '2023-06-18T03:16:12.051Z'
}
{
  message: 'Connected to MongoDB',
  level: 'info',
  label: 'UM',
  timestamp: '2023-06-18T03:33:19.063Z'
}
{
  message: 'server is listening on port 5000',
  level: 'info',
  label: 'UM',
  timestamp: '2023-06-18T03:33:19.070Z'
}
{
  message: 'Connected to MongoDB',
  level: 'info',
  label: 'UM',
  timestamp: '2023-06-18T03:33:48.695Z'
}
{
  message: 'server is listening on port 5000',
  level: 'info',
  label: 'UM',
  timestamp: '2023-06-18T03:33:48.707Z'
}
{
  message: 'Connected to MongoDB',
  level: 'info',
  label: 'UM',
  timestamp: '2023-06-18T03:34:05.142Z'
}
{
  message: 'server is listening on port 5000',
  level: 'info',
  label: 'UM',
  timestamp: '2023-06-18T03:34:05.153Z'
}
{
  message: 'Connected to MongoDB',
  level: 'info',
  label: 'UM',
  timestamp: '2023-06-18T03:34:36.486Z'
}
{
  message: 'server is listening on port 5000',
  level: 'info',
  label: 'UM',
  timestamp: '2023-06-18T03:34:36.499Z'
}
{
  message: 'Connected to MongoDB',
  level: 'info',
  label: 'UM',
  timestamp: '2023-06-18T03:34:39.956Z'
}
{
  message: 'server is listening on port 5000',
  level: 'info',
  label: 'UM',
  timestamp: '2023-06-18T03:34:39.965Z'
}
{
  message: 'Connected to MongoDB',
  level: 'info',
  label: 'UM',
  timestamp: '2023-06-18T03:34:47.559Z'
}
{
  message: 'server is listening on port 5000',
  level: 'info',
  label: 'UM',
  timestamp: '2023-06-18T03:34:47.567Z'
}
{
  message: 'Connected to MongoDB',
  level: 'info',
  label: 'UM',
  timestamp: '2023-06-18T03:34:52.379Z'
}
{
  message: 'server is listening on port 5000',
  level: 'info',
  label: 'UM',
  timestamp: '2023-06-18T03:34:52.386Z'
}
{
  message: 'Connected to MongoDB',
  level: 'info',
  label: 'UM',
  timestamp: '2023-06-18T03:35:01.616Z'
}
{
  message: 'server is listening on port 5000',
  level: 'info',
  label: 'UM',
  timestamp: '2023-06-18T03:35:01.623Z'
}
{
  message: 'Connected to MongoDB',
  level: 'info',
  label: 'UM',
  timestamp: '2023-06-18T03:35:05.065Z'
}
{
  message: 'server is listening on port 5000',
  level: 'info',
  label: 'UM',
  timestamp: '2023-06-18T03:35:05.073Z'
}
{
  message: 'Connected to MongoDB',
  level: 'info',
  label: 'UM',
  timestamp: '2023-06-18T03:35:08.478Z'
}
{
  message: 'server is listening on port 5000',
  level: 'info',
  label: 'UM',
  timestamp: '2023-06-18T03:35:08.484Z'
}
{
  message: 'Connected to MongoDB',
  level: 'info',
  label: 'UM',
  timestamp: '2023-06-18T03:35:18.655Z'
}
{
  message: 'server is listening on port 5000',
  level: 'info',
  label: 'UM',
  timestamp: '2023-06-18T03:35:18.662Z'
}
{
  message: 'Connected to MongoDB',
  level: 'info',
  label: 'UM',
  timestamp: '2023-06-18T03:35:51.830Z'
}
{
  message: 'server is listening on port 5000',
  level: 'info',
  label: 'UM',
  timestamp: '2023-06-18T03:35:51.837Z'
}
{
  message: 'Connected to MongoDB',
  level: 'info',
  label: 'UM',
  timestamp: '2023-06-18T03:37:01.767Z'
}
{
  message: 'server is listening on port 5000',
  level: 'info',
  label: 'UM',
  timestamp: '2023-06-18T03:37:01.774Z'
}
{
  message: 'Connected to MongoDB',
  level: 'info',
  label: 'UM',
  timestamp: '2023-06-18T03:37:57.675Z'
}
{
  message: 'server is listening on port 5000',
  level: 'info',
  label: 'UM',
  timestamp: '2023-06-18T03:37:57.681Z'
}
{
  message: 'Connected to MongoDB',
  level: 'info',
  label: 'UM',
  timestamp: '2023-06-18T03:38:16.642Z'
}
{
  message: 'server is listening on port 5000',
  level: 'info',
  label: 'UM',
  timestamp: '2023-06-18T03:38:16.649Z'
}
{
  message: 'Connected to MongoDB',
  level: 'info',
  label: 'UM',
  timestamp: '2023-06-18T03:38:22.986Z'
}
{
  message: 'server is listening on port 5000',
  level: 'info',
  label: 'UM',
  timestamp: '2023-06-18T03:38:22.994Z'
}
{
  message: 'Connected to MongoDB',
  level: 'info',
  label: 'UM',
  timestamp: '2023-06-18T03:38:33.944Z'
}
{
  message: 'server is listening on port 5000',
  level: 'info',
  label: 'UM',
  timestamp: '2023-06-18T03:38:33.951Z'
}
{
  message: 'Connected to MongoDB',
  level: 'info',
  label: 'UM',
  timestamp: '2023-06-18T03:38:43.530Z'
}
{
  message: 'server is listening on port 5000',
  level: 'info',
  label: 'UM',
  timestamp: '2023-06-18T03:38:43.537Z'
}
{
  message: 'Connected to MongoDB',
  level: 'info',
  label: 'UM',
  timestamp: '2023-06-18T03:39:05.564Z'
}
{
  message: 'server is listening on port 5000',
  level: 'info',
  label: 'UM',
  timestamp: '2023-06-18T03:39:05.578Z'
}
{
  message: 'Connected to MongoDB',
  level: 'info',
  label: 'UM',
  timestamp: '2023-06-18T03:39:58.916Z'
}
{
  message: 'server is listening on port 5000',
  level: 'info',
  label: 'UM',
  timestamp: '2023-06-18T03:39:58.923Z'
}
{
  message: 'Connected to MongoDB',
  level: 'info',
  label: 'UM',
  timestamp: '2023-06-18T03:40:04.380Z'
}
{
  message: 'server is listening on port 5000',
  level: 'info',
  label: 'UM',
  timestamp: '2023-06-18T03:40:04.393Z'
}
{
  message: 'Connected to MongoDB',
  level: 'info',
  label: 'UM',
  timestamp: '2023-06-18T03:40:26.708Z'
}
{
  message: 'server is listening on port 5000',
  level: 'info',
  label: 'UM',
  timestamp: '2023-06-18T03:40:26.715Z'
}
{
  message: 'Connected to MongoDB',
  level: 'info',
  label: 'UM',
  timestamp: '2023-06-18T03:40:31.443Z'
}
{
  message: 'server is listening on port 5000',
  level: 'info',
  label: 'UM',
  timestamp: '2023-06-18T03:40:31.457Z'
}
{
  message: 'Connected to MongoDB',
  level: 'info',
  label: 'UM',
  timestamp: '2023-06-18T03:50:05.144Z'
}
{
  message: 'server is listening on port 5000',
  level: 'info',
  label: 'UM',
  timestamp: '2023-06-18T03:50:05.151Z'
}
{
  message: 'Connected to MongoDB',
  level: 'info',
  label: 'UM',
  timestamp: '2023-06-18T03:53:43.434Z'
}
{
  message: 'server is listening on port 5000',
  level: 'info',
  label: 'UM',
  timestamp: '2023-06-18T03:53:43.441Z'
}
{
  message: 'Connected to MongoDB',
  level: 'info',
  label: 'UM',
  timestamp: '2023-06-18T03:55:33.390Z'
}
{
  message: 'server is listening on port 5000',
  level: 'info',
  label: 'UM',
  timestamp: '2023-06-18T03:55:33.397Z'
}
{
  message: 'Connected to MongoDB',
  level: 'info',
  label: 'UM',
  timestamp: '2023-06-18T03:56:19.364Z'
}
{
  message: 'server is listening on port 5000',
  level: 'info',
  label: 'UM',
  timestamp: '2023-06-18T03:56:19.378Z'
}
{
  message: 'Connected to MongoDB',
  level: 'info',
  label: 'UM',
  timestamp: '2023-06-18T03:56:29.056Z'
}
{
  message: 'server is listening on port 5000',
  level: 'info',
  label: 'UM',
  timestamp: '2023-06-18T03:56:29.063Z'
}
{
  message: 'Connected to MongoDB',
  level: 'info',
  label: 'UM',
  timestamp: '2023-06-18T03:56:48.986Z'
}
{
  message: 'server is listening on port 5000',
  level: 'info',
  label: 'UM',
  timestamp: '2023-06-18T03:56:48.992Z'
}
{
  message: 'Connected to MongoDB',
  level: 'info',
  label: 'UM',
  timestamp: '2023-06-18T03:56:52.698Z'
}
{
  message: 'server is listening on port 5000',
  level: 'info',
  label: 'UM',
  timestamp: '2023-06-18T03:56:52.704Z'
}
{
  message: 'Connected to MongoDB',
  level: 'info',
  label: 'UM',
  timestamp: '2023-06-18T03:57:00.900Z'
}
{
  message: 'server is listening on port 5000',
  level: 'info',
  label: 'UM',
  timestamp: '2023-06-18T03:57:00.907Z'
}
{
  message: 'Connected to MongoDB',
  level: 'info',
  label: 'UM',
  timestamp: '2023-06-18T03:57:18.924Z'
}
{
  message: 'server is listening on port 5000',
  level: 'info',
  label: 'UM',
  timestamp: '2023-06-18T03:57:18.931Z'
}
{
  message: 'Connected to MongoDB',
  level: 'info',
  label: 'UM',
  timestamp: '2023-06-18T03:57:23.411Z'
}
{
  message: 'server is listening on port 5000',
  level: 'info',
  label: 'UM',
  timestamp: '2023-06-18T03:57:23.418Z'
}
{
  message: 'Connected to MongoDB',
  level: 'info',
  label: 'UM',
  timestamp: '2023-06-18T03:57:55.012Z'
}
{
  message: 'server is listening on port 5000',
  level: 'info',
  label: 'UM',
  timestamp: '2023-06-18T03:57:55.023Z'
}
{
  message: 'Connected to MongoDB',
  level: 'info',
  label: 'UM',
  timestamp: '2023-06-18T03:58:01.882Z'
}
{
  message: 'server is listening on port 5000',
  level: 'info',
  label: 'UM',
  timestamp: '2023-06-18T03:58:01.889Z'
}
{
  message: 'Connected to MongoDB',
  level: 'info',
  label: 'UM',
  timestamp: '2023-06-18T03:58:36.819Z'
}
{
  message: 'server is listening on port 5000',
  level: 'info',
  label: 'UM',
  timestamp: '2023-06-18T03:58:36.833Z'
}
{
  message: 'Connected to MongoDB',
  level: 'info',
  label: 'UM',
  timestamp: '2023-06-18T03:59:08.134Z'
}
{
  message: 'server is listening on port 5000',
  level: 'info',
  label: 'UM',
  timestamp: '2023-06-18T03:59:08.147Z'
}
{
  message: 'Connected to MongoDB',
  level: 'info',
  label: 'UM',
  timestamp: '2023-06-18T03:59:11.554Z'
}
{
  message: 'server is listening on port 5000',
  level: 'info',
  label: 'UM',
  timestamp: '2023-06-18T03:59:11.560Z'
}
{
  message: 'Connected to MongoDB',
  level: 'info',
  label: 'UM',
  timestamp: '2023-06-18T03:59:18.474Z'
}
{
  message: 'server is listening on port 5000',
  level: 'info',
  label: 'UM',
  timestamp: '2023-06-18T03:59:18.482Z'
}
{
  message: 'Connected to MongoDB',
  level: 'info',
  label: 'UM',
  timestamp: '2023-06-18T03:59:24.446Z'
}
{
  message: 'server is listening on port 5000',
  level: 'info',
  label: 'UM',
  timestamp: '2023-06-18T03:59:24.453Z'
}
