{
  message: 'Connected to MongoDB',
  level: 'info',
  label: 'UM',
  timestamp: '2023-06-26T11:28:49.853Z'
}
{
  message: 'server is listening on port 5000',
  level: 'info',
  label: 'UM',
  timestamp: '2023-06-26T11:28:49.861Z'
}
{
  message: 'Connected to MongoDB',
  level: 'info',
  label: 'UM',
  timestamp: '2023-06-26T11:28:57.849Z'
}
{
  message: 'server is listening on port 5000',
  level: 'info',
  label: 'UM',
  timestamp: '2023-06-26T11:28:57.856Z'
}
{
  message: 'Connected to MongoDB',
  level: 'info',
  label: 'UM',
  timestamp: '2023-06-26T11:29:02.865Z'
}
{
  message: 'server is listening on port 5000',
  level: 'info',
  label: 'UM',
  timestamp: '2023-06-26T11:29:02.872Z'
}
{
  message: 'Connected to MongoDB',
  level: 'info',
  label: 'UM',
  timestamp: '2023-06-26T11:30:02.271Z'
}
{
  message: 'server is listening on port 5000',
  level: 'info',
  label: 'UM',
  timestamp: '2023-06-26T11:30:02.278Z'
}
{
  message: 'Connected to MongoDB',
  level: 'info',
  label: 'UM',
  timestamp: '2023-06-26T11:30:15.870Z'
}
{
  message: 'server is listening on port 5000',
  level: 'info',
  label: 'UM',
  timestamp: '2023-06-26T11:30:15.878Z'
}
{
  message: 'Connected to MongoDB',
  level: 'info',
  label: 'UM',
  timestamp: '2023-06-26T11:30:34.819Z'
}
{
  message: 'server is listening on port 5000',
  level: 'info',
  label: 'UM',
  timestamp: '2023-06-26T11:30:34.826Z'
}
{
  message: 'Connected to MongoDB',
  level: 'info',
  label: 'UM',
  timestamp: '2023-06-26T11:30:47.094Z'
}
{
  message: 'server is listening on port 5000',
  level: 'info',
  label: 'UM',
  timestamp: '2023-06-26T11:30:47.102Z'
}
{
  message: 'Connected to MongoDB',
  level: 'info',
  label: 'UM',
  timestamp: '2023-06-26T11:31:33.025Z'
}
{
  message: 'server is listening on port 5000',
  level: 'info',
  label: 'UM',
  timestamp: '2023-06-26T11:31:33.032Z'
}
{
  message: 'Connected to MongoDB',
  level: 'info',
  label: 'UM',
  timestamp: '2023-06-26T11:31:44.786Z'
}
{
  message: 'server is listening on port 5000',
  level: 'info',
  label: 'UM',
  timestamp: '2023-06-26T11:31:44.793Z'
}
{
  message: 'Connected to MongoDB',
  level: 'info',
  label: 'UM',
  timestamp: '2023-06-26T11:31:48.470Z'
}
{
  message: 'server is listening on port 5000',
  level: 'info',
  label: 'UM',
  timestamp: '2023-06-26T11:31:48.479Z'
}
{
  message: 'Connected to MongoDB',
  level: 'info',
  label: 'UM',
  timestamp: '2023-06-26T11:32:02.294Z'
}
{
  message: 'server is listening on port 5000',
  level: 'info',
  label: 'UM',
  timestamp: '2023-06-26T11:32:02.302Z'
}
{
  message: 'Connected to MongoDB',
  level: 'info',
  label: 'UM',
  timestamp: '2023-06-26T11:32:10.197Z'
}
{
  message: 'server is listening on port 5000',
  level: 'info',
  label: 'UM',
  timestamp: '2023-06-26T11:32:10.204Z'
}
{
  message: 'Connected to MongoDB',
  level: 'info',
  label: 'UM',
  timestamp: '2023-06-26T11:32:29.840Z'
}
{
  message: 'server is listening on port 5000',
  level: 'info',
  label: 'UM',
  timestamp: '2023-06-26T11:32:29.854Z'
}
{
  message: 'Connected to MongoDB',
  level: 'info',
  label: 'UM',
  timestamp: '2023-06-26T11:33:24.103Z'
}
{
  message: 'server is listening on port 5000',
  level: 'info',
  label: 'UM',
  timestamp: '2023-06-26T11:33:24.119Z'
}
{
  message: 'Connected to MongoDB',
  level: 'info',
  label: 'UM',
  timestamp: '2023-06-26T11:33:39.562Z'
}
{
  message: 'server is listening on port 5000',
  level: 'info',
  label: 'UM',
  timestamp: '2023-06-26T11:33:39.577Z'
}
{
  message: 'Connected to MongoDB',
  level: 'info',
  label: 'UM',
  timestamp: '2023-06-26T11:34:00.073Z'
}
{
  message: 'server is listening on port 5000',
  level: 'info',
  label: 'UM',
  timestamp: '2023-06-26T11:34:00.083Z'
}
{
  message: 'Connected to MongoDB',
  level: 'info',
  label: 'UM',
  timestamp: '2023-06-26T11:34:06.674Z'
}
{
  message: 'server is listening on port 5000',
  level: 'info',
  label: 'UM',
  timestamp: '2023-06-26T11:34:06.681Z'
}
{
  message: 'Connected to MongoDB',
  level: 'info',
  label: 'UM',
  timestamp: '2023-06-26T11:34:27.722Z'
}
{
  message: 'server is listening on port 5000',
  level: 'info',
  label: 'UM',
  timestamp: '2023-06-26T11:34:27.729Z'
}
{
  message: 'Connected to MongoDB',
  level: 'info',
  label: 'UM',
  timestamp: '2023-06-26T11:34:37.402Z'
}
{
  message: 'server is listening on port 5000',
  level: 'info',
  label: 'UM',
  timestamp: '2023-06-26T11:34:37.409Z'
}
{
  message: 'Connected to MongoDB',
  level: 'info',
  label: 'UM',
  timestamp: '2023-06-26T11:34:47.263Z'
}
{
  message: 'server is listening on port 5000',
  level: 'info',
  label: 'UM',
  timestamp: '2023-06-26T11:34:47.270Z'
}
{
  message: 'Connected to MongoDB',
  level: 'info',
  label: 'UM',
  timestamp: '2023-06-26T11:35:21.005Z'
}
{
  message: 'server is listening on port 5000',
  level: 'info',
  label: 'UM',
  timestamp: '2023-06-26T11:35:21.011Z'
}
