{
  message: 'development',
  level: 'info',
  label: 'UM',
  timestamp: '2023-06-05T10:05:05.034Z'
}
{
  message: 'server is listening on port 5000',
  level: 'info',
  label: 'UM',
  timestamp: '2023-06-05T10:05:05.066Z'
}
{
  message: 'Connected to MongoDB',
  level: 'info',
  label: 'UM',
  timestamp: '2023-06-05T10:05:09.339Z'
}
{
  message: 'development',
  level: 'info',
  label: 'UM',
  timestamp: '2023-06-05T10:12:23.267Z'
}
{
  message: 'server is listening on port 5000',
  level: 'info',
  label: 'UM',
  timestamp: '2023-06-05T10:12:23.286Z'
}
{
  message: 'Connected to MongoDB',
  level: 'info',
  label: 'UM',
  timestamp: '2023-06-05T10:12:25.929Z'
}
{
  message: 'production',
  level: 'info',
  label: 'UM',
  timestamp: '2023-06-05T10:27:36.501Z'
}
{
  message: 'server is listening on port 5000',
  level: 'info',
  label: 'UM',
  timestamp: '2023-06-05T10:27:36.520Z'
}
{
  message: 'Connected to MongoDB',
  level: 'info',
  label: 'UM',
  timestamp: '2023-06-05T10:27:39.214Z'
}
{
  message: 'development',
  level: 'info',
  label: 'UM',
  timestamp: '2023-06-05T10:28:05.406Z'
}
{
  message: 'server is listening on port 5000',
  level: 'info',
  label: 'UM',
  timestamp: '2023-06-05T10:28:05.427Z'
}
{
  message: 'Connected to MongoDB',
  level: 'info',
  label: 'UM',
  timestamp: '2023-06-05T10:28:08.068Z'
}
{
  message: 'production',
  level: 'info',
  label: 'UM',
  timestamp: '2023-06-05T10:28:43.361Z'
}
{
  message: 'server is listening on port 5000',
  level: 'info',
  label: 'UM',
  timestamp: '2023-06-05T10:28:43.383Z'
}
{
  message: 'Connected to MongoDB',
  level: 'info',
  label: 'UM',
  timestamp: '2023-06-05T10:28:46.083Z'
}
{
  message: 'development',
  level: 'info',
  label: 'UM',
  timestamp: '2023-06-05T10:28:57.217Z'
}
{
  message: 'server is listening on port 5000',
  level: 'info',
  label: 'UM',
  timestamp: '2023-06-05T10:28:57.237Z'
}
{
  message: 'Connected to MongoDB',
  level: 'info',
  label: 'UM',
  timestamp: '2023-06-05T10:28:59.853Z'
}
{
  message: 'development',
  level: 'info',
  label: 'UM',
  timestamp: '2023-06-05T10:29:25.255Z'
}
{
  message: 'server is listening on port 5000',
  level: 'info',
  label: 'UM',
  timestamp: '2023-06-05T10:29:25.276Z'
}
{
  message: 'Connected to MongoDB',
  level: 'info',
  label: 'UM',
  timestamp: '2023-06-05T10:29:27.940Z'
}
{
  message: 'development',
  level: 'info',
  label: 'UM',
  timestamp: '2023-06-05T10:29:43.731Z'
}
{
  message: 'server is listening on port 5000',
  level: 'info',
  label: 'UM',
  timestamp: '2023-06-05T10:29:43.752Z'
}
{
  message: 'Connected to MongoDB',
  level: 'info',
  label: 'UM',
  timestamp: '2023-06-05T10:29:46.409Z'
}
{
  message: 'production',
  level: 'info',
  label: 'UM',
  timestamp: '2023-06-05T10:30:03.931Z'
}
{
  message: 'server is listening on port 5000',
  level: 'info',
  label: 'UM',
  timestamp: '2023-06-05T10:30:03.951Z'
}
{
  message: 'Connected to MongoDB',
  level: 'info',
  label: 'UM',
  timestamp: '2023-06-05T10:30:06.607Z'
}
{
  message: 'development',
  level: 'info',
  label: 'UM',
  timestamp: '2023-06-05T10:30:15.312Z'
}
{
  message: 'server is listening on port 5000',
  level: 'info',
  label: 'UM',
  timestamp: '2023-06-05T10:30:15.332Z'
}
{
  message: 'Connected to MongoDB',
  level: 'info',
  label: 'UM',
  timestamp: '2023-06-05T10:30:17.966Z'
}
{
  message: 'development',
  level: 'info',
  label: 'UM',
  timestamp: '2023-06-05T10:31:29.271Z'
}
{
  message: 'server is listening on port 5000',
  level: 'info',
  label: 'UM',
  timestamp: '2023-06-05T10:31:29.290Z'
}
{
  message: 'Connected to MongoDB',
  level: 'info',
  label: 'UM',
  timestamp: '2023-06-05T10:31:31.945Z'
}
{
  message: 'development',
  level: 'info',
  label: 'UM',
  timestamp: '2023-06-05T10:31:46.604Z'
}
{
  message: 'server is listening on port 5000',
  level: 'info',
  label: 'UM',
  timestamp: '2023-06-05T10:31:46.623Z'
}
{
  message: 'Connected to MongoDB',
  level: 'info',
  label: 'UM',
  timestamp: '2023-06-05T10:31:49.259Z'
}
{
  message: 'development',
  level: 'info',
  label: 'UM',
  timestamp: '2023-06-05T10:31:50.311Z'
}
{
  message: 'server is listening on port 5000',
  level: 'info',
  label: 'UM',
  timestamp: '2023-06-05T10:31:50.330Z'
}
{
  message: 'development',
  level: 'info',
  label: 'UM',
  timestamp: '2023-06-05T10:31:52.161Z'
}
{
  message: 'server is listening on port 5000',
  level: 'info',
  label: 'UM',
  timestamp: '2023-06-05T10:31:52.183Z'
}
{
  message: 'development',
  level: 'info',
  label: 'UM',
  timestamp: '2023-06-05T10:31:53.891Z'
}
{
  message: 'server is listening on port 5000',
  level: 'info',
  label: 'UM',
  timestamp: '2023-06-05T10:31:53.911Z'
}
{
  message: 'development',
  level: 'info',
  label: 'UM',
  timestamp: '2023-06-05T10:31:55.497Z'
}
{
  message: 'server is listening on port 5000',
  level: 'info',
  label: 'UM',
  timestamp: '2023-06-05T10:31:55.517Z'
}
{
  message: 'development',
  level: 'info',
  label: 'UM',
  timestamp: '2023-06-05T10:31:57.364Z'
}
{
  message: 'server is listening on port 5000',
  level: 'info',
  label: 'UM',
  timestamp: '2023-06-05T10:31:57.385Z'
}
{
  message: 'development',
  level: 'info',
  label: 'UM',
  timestamp: '2023-06-05T10:31:59.620Z'
}
{
  message: 'server is listening on port 5000',
  level: 'info',
  label: 'UM',
  timestamp: '2023-06-05T10:31:59.640Z'
}
{
  message: 'development',
  level: 'info',
  label: 'UM',
  timestamp: '2023-06-05T10:32:01.690Z'
}
{
  message: 'server is listening on port 5000',
  level: 'info',
  label: 'UM',
  timestamp: '2023-06-05T10:32:01.710Z'
}
{
  message: 'development',
  level: 'info',
  label: 'UM',
  timestamp: '2023-06-05T10:32:02.963Z'
}
{
  message: 'server is listening on port 5000',
  level: 'info',
  label: 'UM',
  timestamp: '2023-06-05T10:32:02.981Z'
}
{
  message: 'development',
  level: 'info',
  label: 'UM',
  timestamp: '2023-06-05T10:32:08.650Z'
}
{
  message: 'server is listening on port 5000',
  level: 'info',
  label: 'UM',
  timestamp: '2023-06-05T10:32:08.670Z'
}
{
  message: 'development',
  level: 'info',
  label: 'UM',
  timestamp: '2023-06-05T10:32:09.953Z'
}
{
  message: 'server is listening on port 5000',
  level: 'info',
  label: 'UM',
  timestamp: '2023-06-05T10:32:09.973Z'
}
{
  message: 'development',
  level: 'info',
  label: 'UM',
  timestamp: '2023-06-05T10:32:13.101Z'
}
{
  message: 'server is listening on port 5000',
  level: 'info',
  label: 'UM',
  timestamp: '2023-06-05T10:32:13.120Z'
}
{
  message: 'Connected to MongoDB',
  level: 'info',
  label: 'UM',
  timestamp: '2023-06-05T10:32:15.792Z'
}
{
  message: 'development',
  level: 'info',
  label: 'UM',
  timestamp: '2023-06-05T10:32:43.091Z'
}
{
  message: 'server is listening on port 5000',
  level: 'info',
  label: 'UM',
  timestamp: '2023-06-05T10:32:43.111Z'
}
{
  message: 'Connected to MongoDB',
  level: 'info',
  label: 'UM',
  timestamp: '2023-06-05T10:32:45.825Z'
}
{
  message: 'development',
  level: 'info',
  label: 'UM',
  timestamp: '2023-06-05T10:32:49.022Z'
}
{
  message: 'server is listening on port 5000',
  level: 'info',
  label: 'UM',
  timestamp: '2023-06-05T10:32:49.041Z'
}
{
  message: 'development',
  level: 'info',
  label: 'UM',
  timestamp: '2023-06-05T10:32:51.437Z'
}
{
  message: 'server is listening on port 5000',
  level: 'info',
  label: 'UM',
  timestamp: '2023-06-05T10:32:51.458Z'
}
{
  message: 'development',
  level: 'info',
  label: 'UM',
  timestamp: '2023-06-05T10:32:54.691Z'
}
{
  message: 'server is listening on port 5000',
  level: 'info',
  label: 'UM',
  timestamp: '2023-06-05T10:32:54.714Z'
}
{
  message: 'development',
  level: 'info',
  label: 'UM',
  timestamp: '2023-06-05T10:32:56.762Z'
}
{
  message: 'server is listening on port 5000',
  level: 'info',
  label: 'UM',
  timestamp: '2023-06-05T10:32:56.781Z'
}
{
  message: 'development',
  level: 'info',
  label: 'UM',
  timestamp: '2023-06-05T10:32:58.679Z'
}
{
  message: 'server is listening on port 5000',
  level: 'info',
  label: 'UM',
  timestamp: '2023-06-05T10:32:58.698Z'
}
{
  message: 'Connected to MongoDB',
  level: 'info',
  label: 'UM',
  timestamp: '2023-06-05T10:33:01.344Z'
}
{
  message: 'development',
  level: 'info',
  label: 'UM',
  timestamp: '2023-06-05T10:33:04.080Z'
}
{
  message: 'server is listening on port 5000',
  level: 'info',
  label: 'UM',
  timestamp: '2023-06-05T10:33:04.099Z'
}
{
  message: 'Connected to MongoDB',
  level: 'info',
  label: 'UM',
  timestamp: '2023-06-05T10:33:06.758Z'
}
{
  message: 'development',
  level: 'info',
  label: 'UM',
  timestamp: '2023-06-05T10:33:08.962Z'
}
{
  message: 'server is listening on port 5000',
  level: 'info',
  label: 'UM',
  timestamp: '2023-06-05T10:33:08.985Z'
}
{
  message: 'Connected to MongoDB',
  level: 'info',
  label: 'UM',
  timestamp: '2023-06-05T10:33:11.647Z'
}
{
  message: 'development',
  level: 'info',
  label: 'UM',
  timestamp: '2023-06-05T10:33:16.000Z'
}
{
  message: 'server is listening on port 5000',
  level: 'info',
  label: 'UM',
  timestamp: '2023-06-05T10:33:16.019Z'
}
{
  message: 'Connected to MongoDB',
  level: 'info',
  label: 'UM',
  timestamp: '2023-06-05T10:33:18.710Z'
}
{
  message: 'development',
  level: 'info',
  label: 'UM',
  timestamp: '2023-06-05T10:33:48.123Z'
}
{
  message: 'server is listening on port 5000',
  level: 'info',
  label: 'UM',
  timestamp: '2023-06-05T10:33:48.145Z'
}
{
  message: 'development',
  level: 'info',
  label: 'UM',
  timestamp: '2023-06-05T10:33:49.230Z'
}
{
  message: 'server is listening on port 5000',
  level: 'info',
  label: 'UM',
  timestamp: '2023-06-05T10:33:49.249Z'
}
{
  message: 'development',
  level: 'info',
  label: 'UM',
  timestamp: '2023-06-05T10:33:50.774Z'
}
{
  message: 'server is listening on port 5000',
  level: 'info',
  label: 'UM',
  timestamp: '2023-06-05T10:33:50.794Z'
}
{
  message: 'Connected to MongoDB',
  level: 'info',
  label: 'UM',
  timestamp: '2023-06-05T10:33:53.424Z'
}
{
  message: 'development',
  level: 'info',
  label: 'UM',
  timestamp: '2023-06-05T10:33:55.491Z'
}
{
  message: 'server is listening on port 5000',
  level: 'info',
  label: 'UM',
  timestamp: '2023-06-05T10:33:55.511Z'
}
{
  message: 'development',
  level: 'info',
  label: 'UM',
  timestamp: '2023-06-05T10:33:57.824Z'
}
{
  message: 'server is listening on port 5000',
  level: 'info',
  label: 'UM',
  timestamp: '2023-06-05T10:33:57.845Z'
}
{
  message: 'Connected to MongoDB',
  level: 'info',
  label: 'UM',
  timestamp: '2023-06-05T10:34:00.487Z'
}
{
  message: 'development',
  level: 'info',
  label: 'UM',
  timestamp: '2023-06-05T10:35:24.462Z'
}
{
  message: 'server is listening on port 5000',
  level: 'info',
  label: 'UM',
  timestamp: '2023-06-05T10:35:24.483Z'
}
{
  message: 'development',
  level: 'info',
  label: 'UM',
  timestamp: '2023-06-05T10:35:27.398Z'
}
{
  message: 'server is listening on port 5000',
  level: 'info',
  label: 'UM',
  timestamp: '2023-06-05T10:35:27.419Z'
}
{
  message: 'development',
  level: 'info',
  label: 'UM',
  timestamp: '2023-06-05T10:35:29.813Z'
}
{
  message: 'server is listening on port 5000',
  level: 'info',
  label: 'UM',
  timestamp: '2023-06-05T10:35:29.834Z'
}
{
  message: 'development',
  level: 'info',
  label: 'UM',
  timestamp: '2023-06-05T10:35:31.398Z'
}
{
  message: 'server is listening on port 5000',
  level: 'info',
  label: 'UM',
  timestamp: '2023-06-05T10:35:31.418Z'
}
{
  message: 'development',
  level: 'info',
  label: 'UM',
  timestamp: '2023-06-05T10:35:33.671Z'
}
{
  message: 'server is listening on port 5000',
  level: 'info',
  label: 'UM',
  timestamp: '2023-06-05T10:35:33.690Z'
}
{
  message: 'Connected to MongoDB',
  level: 'info',
  label: 'UM',
  timestamp: '2023-06-05T10:35:36.316Z'
}
{
  message: 'development',
  level: 'info',
  label: 'UM',
  timestamp: '2023-06-05T10:35:40.020Z'
}
{
  message: 'server is listening on port 5000',
  level: 'info',
  label: 'UM',
  timestamp: '2023-06-05T10:35:40.041Z'
}
{
  message: 'development',
  level: 'info',
  label: 'UM',
  timestamp: '2023-06-05T10:35:42.233Z'
}
{
  message: 'server is listening on port 5000',
  level: 'info',
  label: 'UM',
  timestamp: '2023-06-05T10:35:42.255Z'
}
{
  message: 'development',
  level: 'info',
  label: 'UM',
  timestamp: '2023-06-05T10:35:45.018Z'
}
{
  message: 'server is listening on port 5000',
  level: 'info',
  label: 'UM',
  timestamp: '2023-06-05T10:35:45.037Z'
}
{
  message: 'development',
  level: 'info',
  label: 'UM',
  timestamp: '2023-06-05T10:35:47.289Z'
}
{
  message: 'server is listening on port 5000',
  level: 'info',
  label: 'UM',
  timestamp: '2023-06-05T10:35:47.309Z'
}
{
  message: 'Connected to MongoDB',
  level: 'info',
  label: 'UM',
  timestamp: '2023-06-05T10:35:49.977Z'
}
{
  message: 'development',
  level: 'info',
  label: 'UM',
  timestamp: '2023-06-05T10:36:39.394Z'
}
{
  message: 'server is listening on port 5000',
  level: 'info',
  label: 'UM',
  timestamp: '2023-06-05T10:36:39.415Z'
}
{
  message: 'Connected to MongoDB',
  level: 'info',
  label: 'UM',
  timestamp: '2023-06-05T10:36:42.080Z'
}
{
  message: 'development',
  level: 'info',
  label: 'UM',
  timestamp: '2023-06-05T10:36:57.871Z'
}
{
  message: 'server is listening on port 5000',
  level: 'info',
  label: 'UM',
  timestamp: '2023-06-05T10:36:57.892Z'
}
{
  message: 'Connected to MongoDB',
  level: 'info',
  label: 'UM',
  timestamp: '2023-06-05T10:37:00.521Z'
}
{
  message: 'development',
  level: 'info',
  label: 'UM',
  timestamp: '2023-06-05T10:37:09.014Z'
}
{
  message: 'server is listening on port 5000',
  level: 'info',
  label: 'UM',
  timestamp: '2023-06-05T10:37:09.033Z'
}
{
  message: 'development',
  level: 'info',
  label: 'UM',
  timestamp: '2023-06-05T10:37:10.146Z'
}
{
  message: 'server is listening on port 5000',
  level: 'info',
  label: 'UM',
  timestamp: '2023-06-05T10:37:10.166Z'
}
{
  message: 'Connected to MongoDB',
  level: 'info',
  label: 'UM',
  timestamp: '2023-06-05T10:37:12.788Z'
}
{
  message: 'development',
  level: 'info',
  label: 'UM',
  timestamp: '2023-06-05T10:37:13.850Z'
}
{
  message: 'server is listening on port 5000',
  level: 'info',
  label: 'UM',
  timestamp: '2023-06-05T10:37:13.869Z'
}
{
  message: 'Connected to MongoDB',
  level: 'info',
  label: 'UM',
  timestamp: '2023-06-05T10:37:16.534Z'
}
{
  message: 'development',
  level: 'info',
  label: 'UM',
  timestamp: '2023-06-05T10:37:20.184Z'
}
{
  message: 'server is listening on port 5000',
  level: 'info',
  label: 'UM',
  timestamp: '2023-06-05T10:37:20.210Z'
}
{
  message: 'development',
  level: 'info',
  label: 'UM',
  timestamp: '2023-06-05T10:37:21.901Z'
}
{
  message: 'server is listening on port 5000',
  level: 'info',
  label: 'UM',
  timestamp: '2023-06-05T10:37:21.921Z'
}
{
  message: 'Connected to MongoDB',
  level: 'info',
  label: 'UM',
  timestamp: '2023-06-05T10:37:24.549Z'
}
{
  message: 'development',
  level: 'info',
  label: 'UM',
  timestamp: '2023-06-05T10:37:29.229Z'
}
{
  message: 'server is listening on port 5000',
  level: 'info',
  label: 'UM',
  timestamp: '2023-06-05T10:37:29.249Z'
}
{
  message: 'development',
  level: 'info',
  label: 'UM',
  timestamp: '2023-06-05T10:37:32.421Z'
}
{
  message: 'server is listening on port 5000',
  level: 'info',
  label: 'UM',
  timestamp: '2023-06-05T10:37:32.440Z'
}
{
  message: 'development',
  level: 'info',
  label: 'UM',
  timestamp: '2023-06-05T10:37:33.386Z'
}
{
  message: 'server is listening on port 5000',
  level: 'info',
  label: 'UM',
  timestamp: '2023-06-05T10:37:33.405Z'
}
{
  message: 'Connected to MongoDB',
  level: 'info',
  label: 'UM',
  timestamp: '2023-06-05T10:37:36.051Z'
}
{
  message: 'development',
  level: 'info',
  label: 'UM',
  timestamp: '2023-06-05T10:37:45.222Z'
}
{
  message: 'server is listening on port 5000',
  level: 'info',
  label: 'UM',
  timestamp: '2023-06-05T10:37:45.242Z'
}
{
  message: 'Connected to MongoDB',
  level: 'info',
  label: 'UM',
  timestamp: '2023-06-05T10:37:47.957Z'
}
{
  message: 'development',
  level: 'info',
  label: 'UM',
  timestamp: '2023-06-05T10:37:53.045Z'
}
{
  message: 'server is listening on port 5000',
  level: 'info',
  label: 'UM',
  timestamp: '2023-06-05T10:37:53.064Z'
}
{
  message: 'Connected to MongoDB',
  level: 'info',
  label: 'UM',
  timestamp: '2023-06-05T10:37:55.719Z'
}
{
  message: 'development',
  level: 'info',
  label: 'UM',
  timestamp: '2023-06-05T10:38:08.374Z'
}
{
  message: 'server is listening on port 5000',
  level: 'info',
  label: 'UM',
  timestamp: '2023-06-05T10:38:08.392Z'
}
{
  message: 'Connected to MongoDB',
  level: 'info',
  label: 'UM',
  timestamp: '2023-06-05T10:38:11.023Z'
}
{
  message: 'development',
  level: 'info',
  label: 'UM',
  timestamp: '2023-06-05T10:38:48.512Z'
}
{
  message: 'server is listening on port 5000',
  level: 'info',
  label: 'UM',
  timestamp: '2023-06-05T10:38:48.532Z'
}
{
  message: 'development',
  level: 'info',
  label: 'UM',
  timestamp: '2023-06-05T10:38:50.554Z'
}
{
  message: 'server is listening on port 5000',
  level: 'info',
  label: 'UM',
  timestamp: '2023-06-05T10:38:50.580Z'
}
{
  message: 'Connected to MongoDB',
  level: 'info',
  label: 'UM',
  timestamp: '2023-06-05T10:38:53.217Z'
}
{
  message: 'development',
  level: 'info',
  label: 'UM',
  timestamp: '2023-06-05T10:38:54.454Z'
}
{
  message: 'server is listening on port 5000',
  level: 'info',
  label: 'UM',
  timestamp: '2023-06-05T10:38:54.474Z'
}
{
  message: 'development',
  level: 'info',
  label: 'UM',
  timestamp: '2023-06-05T10:38:56.169Z'
}
{
  message: 'server is listening on port 5000',
  level: 'info',
  label: 'UM',
  timestamp: '2023-06-05T10:38:56.189Z'
}
{
  message: 'development',
  level: 'info',
  label: 'UM',
  timestamp: '2023-06-05T10:38:57.291Z'
}
{
  message: 'server is listening on port 5000',
  level: 'info',
  label: 'UM',
  timestamp: '2023-06-05T10:38:57.311Z'
}
{
  message: 'Connected to MongoDB',
  level: 'info',
  label: 'UM',
  timestamp: '2023-06-05T10:38:59.958Z'
}
{
  message: 'development',
  level: 'info',
  label: 'UM',
  timestamp: '2023-06-05T10:39:04.699Z'
}
{
  message: 'server is listening on port 5000',
  level: 'info',
  label: 'UM',
  timestamp: '2023-06-05T10:39:04.718Z'
}
{
  message: 'development',
  level: 'info',
  label: 'UM',
  timestamp: '2023-06-05T10:39:07.340Z'
}
{
  message: 'server is listening on port 5000',
  level: 'info',
  label: 'UM',
  timestamp: '2023-06-05T10:39:07.359Z'
}
{
  message: 'development',
  level: 'info',
  label: 'UM',
  timestamp: '2023-06-05T10:39:10.597Z'
}
{
  message: 'server is listening on port 5000',
  level: 'info',
  label: 'UM',
  timestamp: '2023-06-05T10:39:10.617Z'
}
{
  message: 'Connected to MongoDB',
  level: 'info',
  label: 'UM',
  timestamp: '2023-06-05T10:39:13.254Z'
}
{
  message: 'development',
  level: 'info',
  label: 'UM',
  timestamp: '2023-06-05T10:39:16.786Z'
}
{
  message: 'server is listening on port 5000',
  level: 'info',
  label: 'UM',
  timestamp: '2023-06-05T10:39:16.806Z'
}
{
  message: 'Connected to MongoDB',
  level: 'info',
  label: 'UM',
  timestamp: '2023-06-05T10:39:19.446Z'
}
{
  message: 'development',
  level: 'info',
  label: 'UM',
  timestamp: '2023-06-05T10:39:21.127Z'
}
{
  message: 'server is listening on port 5000',
  level: 'info',
  label: 'UM',
  timestamp: '2023-06-05T10:39:21.147Z'
}
{
  message: 'Connected to MongoDB',
  level: 'info',
  label: 'UM',
  timestamp: '2023-06-05T10:39:23.776Z'
}
{
  message: 'development',
  level: 'info',
  label: 'UM',
  timestamp: '2023-06-05T10:39:25.564Z'
}
{
  message: 'server is listening on port 5000',
  level: 'info',
  label: 'UM',
  timestamp: '2023-06-05T10:39:25.585Z'
}
{
  message: 'Connected to MongoDB',
  level: 'info',
  label: 'UM',
  timestamp: '2023-06-05T10:39:28.237Z'
}
{
  message: 'development',
  level: 'info',
  label: 'UM',
  timestamp: '2023-06-05T10:44:44.456Z'
}
{
  message: 'server is listening on port 5000',
  level: 'info',
  label: 'UM',
  timestamp: '2023-06-05T10:44:44.476Z'
}
{
  message: 'Connected to MongoDB',
  level: 'info',
  label: 'UM',
  timestamp: '2023-06-05T10:44:47.176Z'
}
{
  message: 'development',
  level: 'info',
  label: 'UM',
  timestamp: '2023-06-05T10:44:57.368Z'
}
{
  message: 'server is listening on port 5000',
  level: 'info',
  label: 'UM',
  timestamp: '2023-06-05T10:44:57.389Z'
}
{
  message: 'Connected to MongoDB',
  level: 'info',
  label: 'UM',
  timestamp: '2023-06-05T10:45:00.008Z'
}
{
  message: 'development',
  level: 'info',
  label: 'UM',
  timestamp: '2023-06-05T10:45:20.038Z'
}
{
  message: 'server is listening on port 5000',
  level: 'info',
  label: 'UM',
  timestamp: '2023-06-05T10:45:20.058Z'
}
{
  message: 'development',
  level: 'info',
  label: 'UM',
  timestamp: '2023-06-05T10:45:22.874Z'
}
{
  message: 'server is listening on port 5000',
  level: 'info',
  label: 'UM',
  timestamp: '2023-06-05T10:45:22.893Z'
}
{
  message: 'Connected to MongoDB',
  level: 'info',
  label: 'UM',
  timestamp: '2023-06-05T10:45:25.558Z'
}
{
  message: 'development',
  level: 'info',
  label: 'UM',
  timestamp: '2023-06-05T10:45:29.919Z'
}
{
  message: 'server is listening on port 5000',
  level: 'info',
  label: 'UM',
  timestamp: '2023-06-05T10:45:29.939Z'
}
{
  message: 'Connected to MongoDB',
  level: 'info',
  label: 'UM',
  timestamp: '2023-06-05T10:45:32.602Z'
}
{
  message: 'development',
  level: 'info',
  label: 'UM',
  timestamp: '2023-06-05T10:45:33.483Z'
}
{
  message: 'server is listening on port 5000',
  level: 'info',
  label: 'UM',
  timestamp: '2023-06-05T10:45:33.511Z'
}
{
  message: 'Connected to MongoDB',
  level: 'info',
  label: 'UM',
  timestamp: '2023-06-05T10:45:36.147Z'
}
{
  message: 'development',
  level: 'info',
  label: 'UM',
  timestamp: '2023-06-05T10:45:37.296Z'
}
{
  message: 'server is listening on port 5000',
  level: 'info',
  label: 'UM',
  timestamp: '2023-06-05T10:45:37.315Z'
}
{
  message: 'Connected to MongoDB',
  level: 'info',
  label: 'UM',
  timestamp: '2023-06-05T10:45:39.956Z'
}
{
  message: 'development',
  level: 'info',
  label: 'UM',
  timestamp: '2023-06-05T10:45:41.878Z'
}
{
  message: 'server is listening on port 5000',
  level: 'info',
  label: 'UM',
  timestamp: '2023-06-05T10:45:41.898Z'
}
{
  message: 'Connected to MongoDB',
  level: 'info',
  label: 'UM',
  timestamp: '2023-06-05T10:45:44.523Z'
}
{
  message: 'development',
  level: 'info',
  label: 'UM',
  timestamp: '2023-06-05T10:45:47.443Z'
}
{
  message: 'server is listening on port 5000',
  level: 'info',
  label: 'UM',
  timestamp: '2023-06-05T10:45:47.462Z'
}
{
  message: 'development',
  level: 'info',
  label: 'UM',
  timestamp: '2023-06-05T10:45:50.002Z'
}
{
  message: 'server is listening on port 5000',
  level: 'info',
  label: 'UM',
  timestamp: '2023-06-05T10:45:50.022Z'
}
{
  message: 'Connected to MongoDB',
  level: 'info',
  label: 'UM',
  timestamp: '2023-06-05T10:45:52.665Z'
}
{
  message: 'development',
  level: 'info',
  label: 'UM',
  timestamp: '2023-06-05T10:45:57.218Z'
}
{
  message: 'server is listening on port 5000',
  level: 'info',
  label: 'UM',
  timestamp: '2023-06-05T10:45:57.237Z'
}
{
  message: 'Connected to MongoDB',
  level: 'info',
  label: 'UM',
  timestamp: '2023-06-05T10:45:59.874Z'
}
{
  message: 'development',
  level: 'info',
  label: 'UM',
  timestamp: '2023-06-05T10:46:04.358Z'
}
{
  message: 'server is listening on port 5000',
  level: 'info',
  label: 'UM',
  timestamp: '2023-06-05T10:46:04.378Z'
}
{
  message: 'development',
  level: 'info',
  label: 'UM',
  timestamp: '2023-06-05T10:46:06.323Z'
}
{
  message: 'server is listening on port 5000',
  level: 'info',
  label: 'UM',
  timestamp: '2023-06-05T10:46:06.344Z'
}
{
  message: 'Connected to MongoDB',
  level: 'info',
  label: 'UM',
  timestamp: '2023-06-05T10:46:09.003Z'
}
{
  message: 'development',
  level: 'info',
  label: 'UM',
  timestamp: '2023-06-05T10:46:19.437Z'
}
{
  message: 'server is listening on port 5000',
  level: 'info',
  label: 'UM',
  timestamp: '2023-06-05T10:46:19.457Z'
}
{
  message: 'Connected to MongoDB',
  level: 'info',
  label: 'UM',
  timestamp: '2023-06-05T10:46:22.117Z'
}
{
  message: 'development',
  level: 'info',
  label: 'UM',
  timestamp: '2023-06-05T10:56:24.395Z'
}
{
  message: 'server is listening on port 5000',
  level: 'info',
  label: 'UM',
  timestamp: '2023-06-05T10:56:24.414Z'
}
{
  message: 'Connected to MongoDB',
  level: 'info',
  label: 'UM',
  timestamp: '2023-06-05T10:56:27.119Z'
}
{
  message: 'development',
  level: 'info',
  label: 'UM',
  timestamp: '2023-06-05T10:56:29.878Z'
}
{
  message: 'server is listening on port 5000',
  level: 'info',
  label: 'UM',
  timestamp: '2023-06-05T10:56:29.898Z'
}
{
  message: 'Connected to MongoDB',
  level: 'info',
  label: 'UM',
  timestamp: '2023-06-05T10:56:32.534Z'
}
