{
  message: 'Connected to MongoDB',
  level: 'info',
  label: 'UM',
  timestamp: '2023-06-18T12:04:01.014Z'
}
{
  message: 'server is listening on port 5000',
  level: 'info',
  label: 'UM',
  timestamp: '2023-06-18T12:04:01.021Z'
}
{
  message: 'Connected to MongoDB',
  level: 'info',
  label: 'UM',
  timestamp: '2023-06-18T12:04:05.720Z'
}
{
  message: 'server is listening on port 5000',
  level: 'info',
  label: 'UM',
  timestamp: '2023-06-18T12:04:05.728Z'
}
{
  message: 'Connected to MongoDB',
  level: 'info',
  label: 'UM',
  timestamp: '2023-06-18T12:04:11.653Z'
}
{
  message: 'server is listening on port 5000',
  level: 'info',
  label: 'UM',
  timestamp: '2023-06-18T12:04:11.665Z'
}
{
  message: 'Connected to MongoDB',
  level: 'info',
  label: 'UM',
  timestamp: '2023-06-18T12:04:20.856Z'
}
{
  message: 'server is listening on port 5000',
  level: 'info',
  label: 'UM',
  timestamp: '2023-06-18T12:04:20.870Z'
}
{
  message: 'Connected to MongoDB',
  level: 'info',
  label: 'UM',
  timestamp: '2023-06-18T12:04:38.790Z'
}
{
  message: 'server is listening on port 5000',
  level: 'info',
  label: 'UM',
  timestamp: '2023-06-18T12:04:38.797Z'
}
{
  message: 'Connected to MongoDB',
  level: 'info',
  label: 'UM',
  timestamp: '2023-06-18T12:04:53.756Z'
}
{
  message: 'server is listening on port 5000',
  level: 'info',
  label: 'UM',
  timestamp: '2023-06-18T12:04:53.772Z'
}
{
  message: 'Connected to MongoDB',
  level: 'info',
  label: 'UM',
  timestamp: '2023-06-18T12:05:08.310Z'
}
{
  message: 'server is listening on port 5000',
  level: 'info',
  label: 'UM',
  timestamp: '2023-06-18T12:05:08.325Z'
}
{
  message: 'Connected to MongoDB',
  level: 'info',
  label: 'UM',
  timestamp: '2023-06-18T12:05:38.398Z'
}
{
  message: 'server is listening on port 5000',
  level: 'info',
  label: 'UM',
  timestamp: '2023-06-18T12:05:38.407Z'
}
{
  message: 'Connected to MongoDB',
  level: 'info',
  label: 'UM',
  timestamp: '2023-06-18T12:06:00.695Z'
}
{
  message: 'server is listening on port 5000',
  level: 'info',
  label: 'UM',
  timestamp: '2023-06-18T12:06:00.703Z'
}
{
  message: 'Connected to MongoDB',
  level: 'info',
  label: 'UM',
  timestamp: '2023-06-18T12:06:13.443Z'
}
{
  message: 'server is listening on port 5000',
  level: 'info',
  label: 'UM',
  timestamp: '2023-06-18T12:06:13.453Z'
}
{
  message: 'Connected to MongoDB',
  level: 'info',
  label: 'UM',
  timestamp: '2023-06-18T12:06:55.769Z'
}
{
  message: 'server is listening on port 5000',
  level: 'info',
  label: 'UM',
  timestamp: '2023-06-18T12:06:55.778Z'
}
{
  message: 'Connected to MongoDB',
  level: 'info',
  label: 'UM',
  timestamp: '2023-06-18T12:07:13.318Z'
}
{
  message: 'server is listening on port 5000',
  level: 'info',
  label: 'UM',
  timestamp: '2023-06-18T12:07:13.325Z'
}
{
  message: 'Connected to MongoDB',
  level: 'info',
  label: 'UM',
  timestamp: '2023-06-18T12:07:21.282Z'
}
{
  message: 'server is listening on port 5000',
  level: 'info',
  label: 'UM',
  timestamp: '2023-06-18T12:07:21.296Z'
}
{
  message: 'Connected to MongoDB',
  level: 'info',
  label: 'UM',
  timestamp: '2023-06-18T12:07:36.913Z'
}
{
  message: 'server is listening on port 5000',
  level: 'info',
  label: 'UM',
  timestamp: '2023-06-18T12:07:36.920Z'
}
{
  message: 'Connected to MongoDB',
  level: 'info',
  label: 'UM',
  timestamp: '2023-06-18T12:07:44.594Z'
}
{
  message: 'server is listening on port 5000',
  level: 'info',
  label: 'UM',
  timestamp: '2023-06-18T12:07:44.602Z'
}
{
  message: 'Connected to MongoDB',
  level: 'info',
  label: 'UM',
  timestamp: '2023-06-18T12:09:52.735Z'
}
{
  message: 'server is listening on port 5000',
  level: 'info',
  label: 'UM',
  timestamp: '2023-06-18T12:09:52.744Z'
}
{
  message: 'Connected to MongoDB',
  level: 'info',
  label: 'UM',
  timestamp: '2023-06-18T12:12:33.124Z'
}
{
  message: 'server is listening on port 5000',
  level: 'info',
  label: 'UM',
  timestamp: '2023-06-18T12:12:33.131Z'
}
{
  message: 'Connected to MongoDB',
  level: 'info',
  label: 'UM',
  timestamp: '2023-06-18T12:13:21.666Z'
}
{
  message: 'server is listening on port 5000',
  level: 'info',
  label: 'UM',
  timestamp: '2023-06-18T12:13:21.674Z'
}
{
  message: 'Connected to MongoDB',
  level: 'info',
  label: 'UM',
  timestamp: '2023-06-18T12:13:25.606Z'
}
{
  message: 'server is listening on port 5000',
  level: 'info',
  label: 'UM',
  timestamp: '2023-06-18T12:13:25.615Z'
}
{
  message: 'Connected to MongoDB',
  level: 'info',
  label: 'UM',
  timestamp: '2023-06-18T12:26:51.457Z'
}
{
  message: 'server is listening on port 5000',
  level: 'info',
  label: 'UM',
  timestamp: '2023-06-18T12:26:51.465Z'
}
{
  message: 'Connected to MongoDB',
  level: 'info',
  label: 'UM',
  timestamp: '2023-06-18T12:28:15.226Z'
}
{
  message: 'server is listening on port 5000',
  level: 'info',
  label: 'UM',
  timestamp: '2023-06-18T12:28:15.238Z'
}
{
  message: 'Connected to MongoDB',
  level: 'info',
  label: 'UM',
  timestamp: '2023-06-18T12:28:22.300Z'
}
{
  message: 'server is listening on port 5000',
  level: 'info',
  label: 'UM',
  timestamp: '2023-06-18T12:28:22.314Z'
}
{
  message: 'Connected to MongoDB',
  level: 'info',
  label: 'UM',
  timestamp: '2023-06-18T12:28:31.333Z'
}
{
  message: 'server is listening on port 5000',
  level: 'info',
  label: 'UM',
  timestamp: '2023-06-18T12:28:31.342Z'
}
{
  message: 'Connected to MongoDB',
  level: 'info',
  label: 'UM',
  timestamp: '2023-06-18T12:28:42.334Z'
}
{
  message: 'server is listening on port 5000',
  level: 'info',
  label: 'UM',
  timestamp: '2023-06-18T12:28:42.341Z'
}
{
  message: 'Connected to MongoDB',
  level: 'info',
  label: 'UM',
  timestamp: '2023-06-18T12:28:53.504Z'
}
{
  message: 'server is listening on port 5000',
  level: 'info',
  label: 'UM',
  timestamp: '2023-06-18T12:28:53.512Z'
}
{
  message: 'Connected to MongoDB',
  level: 'info',
  label: 'UM',
  timestamp: '2023-06-18T12:29:14.624Z'
}
{
  message: 'server is listening on port 5000',
  level: 'info',
  label: 'UM',
  timestamp: '2023-06-18T12:29:14.632Z'
}
{
  message: 'Connected to MongoDB',
  level: 'info',
  label: 'UM',
  timestamp: '2023-06-18T12:29:27.003Z'
}
{
  message: 'server is listening on port 5000',
  level: 'info',
  label: 'UM',
  timestamp: '2023-06-18T12:29:27.011Z'
}
{
  message: 'Connected to MongoDB',
  level: 'info',
  label: 'UM',
  timestamp: '2023-06-18T12:29:37.390Z'
}
{
  message: 'server is listening on port 5000',
  level: 'info',
  label: 'UM',
  timestamp: '2023-06-18T12:29:37.397Z'
}
{
  message: 'Connected to MongoDB',
  level: 'info',
  label: 'UM',
  timestamp: '2023-06-18T12:30:05.547Z'
}
{
  message: 'server is listening on port 5000',
  level: 'info',
  label: 'UM',
  timestamp: '2023-06-18T12:30:05.556Z'
}
{
  message: 'Connected to MongoDB',
  level: 'info',
  label: 'UM',
  timestamp: '2023-06-18T12:30:12.205Z'
}
{
  message: 'server is listening on port 5000',
  level: 'info',
  label: 'UM',
  timestamp: '2023-06-18T12:30:12.212Z'
}
{
  message: 'Connected to MongoDB',
  level: 'info',
  label: 'UM',
  timestamp: '2023-06-18T12:30:29.982Z'
}
{
  message: 'server is listening on port 5000',
  level: 'info',
  label: 'UM',
  timestamp: '2023-06-18T12:30:29.990Z'
}
{
  message: 'Connected to MongoDB',
  level: 'info',
  label: 'UM',
  timestamp: '2023-06-18T12:30:38.352Z'
}
{
  message: 'server is listening on port 5000',
  level: 'info',
  label: 'UM',
  timestamp: '2023-06-18T12:30:38.361Z'
}
{
  message: 'Connected to MongoDB',
  level: 'info',
  label: 'UM',
  timestamp: '2023-06-18T12:30:46.546Z'
}
{
  message: 'server is listening on port 5000',
  level: 'info',
  label: 'UM',
  timestamp: '2023-06-18T12:30:46.554Z'
}
{
  message: 'Connected to MongoDB',
  level: 'info',
  label: 'UM',
  timestamp: '2023-06-18T12:31:02.074Z'
}
{
  message: 'server is listening on port 5000',
  level: 'info',
  label: 'UM',
  timestamp: '2023-06-18T12:31:02.082Z'
}
{
  message: 'Connected to MongoDB',
  level: 'info',
  label: 'UM',
  timestamp: '2023-06-18T12:32:52.669Z'
}
{
  message: 'server is listening on port 5000',
  level: 'info',
  label: 'UM',
  timestamp: '2023-06-18T12:32:52.677Z'
}
{
  message: 'Connected to MongoDB',
  level: 'info',
  label: 'UM',
  timestamp: '2023-06-18T12:32:59.350Z'
}
{
  message: 'server is listening on port 5000',
  level: 'info',
  label: 'UM',
  timestamp: '2023-06-18T12:32:59.361Z'
}
{
  message: 'Connected to MongoDB',
  level: 'info',
  label: 'UM',
  timestamp: '2023-06-18T12:33:47.505Z'
}
{
  message: 'server is listening on port 5000',
  level: 'info',
  label: 'UM',
  timestamp: '2023-06-18T12:33:47.513Z'
}
{
  message: 'Connected to MongoDB',
  level: 'info',
  label: 'UM',
  timestamp: '2023-06-18T12:33:56.381Z'
}
{
  message: 'server is listening on port 5000',
  level: 'info',
  label: 'UM',
  timestamp: '2023-06-18T12:33:56.390Z'
}
{
  message: 'Connected to MongoDB',
  level: 'info',
  label: 'UM',
  timestamp: '2023-06-18T12:34:04.948Z'
}
{
  message: 'server is listening on port 5000',
  level: 'info',
  label: 'UM',
  timestamp: '2023-06-18T12:34:04.956Z'
}
{
  message: 'Connected to MongoDB',
  level: 'info',
  label: 'UM',
  timestamp: '2023-06-18T12:34:17.428Z'
}
{
  message: 'server is listening on port 5000',
  level: 'info',
  label: 'UM',
  timestamp: '2023-06-18T12:34:17.435Z'
}
{
  message: 'Connected to MongoDB',
  level: 'info',
  label: 'UM',
  timestamp: '2023-06-18T12:35:26.248Z'
}
{
  message: 'server is listening on port 5000',
  level: 'info',
  label: 'UM',
  timestamp: '2023-06-18T12:35:26.255Z'
}
