{
  message: 'server is listening on port 5000',
  level: 'info',
  label: 'UM',
  timestamp: '2023-06-15T05:51:21.970Z'
}
{
  message: 'Connected to MongoDB',
  level: 'info',
  label: 'UM',
  timestamp: '2023-06-15T05:51:24.808Z'
}
{
  message: 'server is listening on port 5000',
  level: 'info',
  label: 'UM',
  timestamp: '2023-06-15T05:52:37.740Z'
}
{
  message: 'server is listening on port 5000',
  level: 'info',
  label: 'UM',
  timestamp: '2023-06-15T05:52:38.983Z'
}
{
  message: 'Connected to MongoDB',
  level: 'info',
  label: 'UM',
  timestamp: '2023-06-15T05:52:41.664Z'
}
